INFO 2024-11-12 21:58:49,866 views 2924 6416 Usuario testuser creando estación
DEBUG 2024-11-12 21:58:49,914 views 2924 6416 Usuario testuser listando estaciones
INFO 2024-11-12 21:59:12,320 views 10744 25284 Usuario testuser creando estación
DEBUG 2024-11-12 21:59:12,354 views 10744 25284 Usuario testuser listando estaciones
INFO 2024-11-12 22:00:28,384 views 17464 27892 Usuario testuser creando estación
DEBUG 2024-11-12 22:00:28,420 views 17464 27892 Usuario testuser listando estaciones
INFO 2024-11-12 22:05:17,515 views 16924 4488 Usuario testuser creando estación
DEBUG 2024-11-12 22:05:17,554 views 16924 4488 Usuario testuser listando estaciones
DEBUG 2024-11-12 22:05:17,607 views 16924 4488 Usuario normal listando estaciones
DEBUG 2024-11-12 22:05:17,615 views 16924 4488 Usuario testuser listando estaciones
INFO 2024-11-12 22:08:38,986 views 11000 20672 Usuario testuser creando estación
DEBUG 2024-11-12 22:08:39,023 views 11000 20672 Usuario testuser listando estaciones
DEBUG 2024-11-12 22:08:39,077 views 11000 20672 Usuario normal listando estaciones
DEBUG 2024-11-12 22:08:39,084 views 11000 20672 Usuario testuser listando estaciones
INFO 2024-11-12 22:10:23,121 views 30636 14808 Usuario testuser creando estación
DEBUG 2024-11-12 22:10:23,214 views 30636 14808 Usuario testuser listando estaciones
DEBUG 2024-11-12 22:10:23,332 views 30636 14808 Usuario normal listando estaciones
DEBUG 2024-11-12 22:10:23,342 views 30636 14808 Usuario testuser listando estaciones
INFO 2024-11-12 22:12:10,241 views 8880 11860 Usuario testuser creando estación
DEBUG 2024-11-12 22:12:10,312 views 8880 11860 Usuario testuser listando estaciones
DEBUG 2024-11-12 22:12:10,360 views 8880 11860 Usuario normal listando estaciones
DEBUG 2024-11-12 22:12:10,367 views 8880 11860 Usuario testuser listando estaciones
DEBUG 2024-11-13 18:43:42,414 views 18444 19004 Usuario owens listando estaciones
DEBUG 2024-11-13 18:45:15,152 views 18444 20180 Usuario owens listando estaciones
DEBUG 2024-11-13 18:47:56,995 views 22088 18280 Usuario owens listando estaciones
DEBUG 2024-11-13 19:32:30,276 views 22088 7136 Usuario owens listando estaciones
DEBUG 2024-11-13 19:32:59,397 views 22088 15088 Usuario operador listando estaciones
DEBUG 2024-11-13 19:33:10,090 views 22088 7136 Usuario operador listando estaciones
DEBUG 2024-11-13 19:37:22,155 views 22088 15088 Usuario owens listando estaciones
DEBUG 2024-11-13 19:39:36,585 views 22088 7136 Usuario operador listando estaciones
DEBUG 2024-11-13 20:12:43,057 views 20452 19312 Usuario owens listando estaciones
DEBUG 2024-11-13 20:13:40,285 views 20452 4484 Usuario operador listando estaciones
DEBUG 2024-11-13 20:15:43,815 views 7264 11320 Usuario operador listando estaciones
DEBUG 2024-11-13 20:17:15,977 views 7704 17472 Usuario operador listando estaciones
DEBUG 2024-11-13 20:18:59,522 views 7704 17472 Usuario owens listando estaciones
DEBUG 2024-11-13 20:21:32,145 views 7704 10008 Usuario owens listando estaciones
DEBUG 2024-11-13 20:22:31,129 views 18656 17784 Usuario owens listando estaciones
DEBUG 2024-11-13 20:24:05,335 views 17048 13804 Usuario owens listando estaciones
DEBUG 2024-11-13 20:24:50,370 views 17048 17852 Usuario owens listando estaciones
DEBUG 2024-11-13 20:27:31,192 views 13888 20036 Usuario owens listando estaciones
DEBUG 2024-11-13 20:31:49,649 views 19288 8244 Usuario owens listando estaciones
DEBUG 2024-11-13 20:45:09,013 views 2220 2268 Usuario owens listando estaciones
DEBUG 2024-11-13 20:46:33,527 views 4412 19640 Usuario owens listando estaciones
DEBUG 2024-11-13 20:50:49,204 views 15252 9280 Usuario owens listando estaciones
DEBUG 2024-11-13 21:02:14,456 views 22456 8704 Usuario owens listando estaciones
DEBUG 2024-11-13 21:02:53,956 views 22456 8704 Usuario owens listando estaciones
DEBUG 2024-11-13 21:11:49,521 views 22456 15872 Usuario owens listando estaciones
DEBUG 2024-11-13 21:12:54,621 views 22456 20356 Usuario owens listando estaciones
DEBUG 2024-11-13 21:18:20,005 views 22456 15872 Usuario owens listando estaciones
DEBUG 2024-11-13 21:21:07,730 views 22456 15872 Usuario owens listando estaciones
DEBUG 2024-11-13 21:32:48,108 views 9072 16008 Usuario owens listando estaciones
DEBUG 2024-11-13 21:42:25,994 views 17056 10520 Usuario owens listando estaciones
DEBUG 2024-11-13 21:44:47,757 views 17056 10520 Usuario owens listando estaciones
